0 info it worked if it ends with ok
1 verbose cli [ '/usr/local/bin/node',
1 verbose cli   '/usr/local/bin/npm',
1 verbose cli   'install',
1 verbose cli   'grunt-contrib-cssmin',
1 verbose cli   '--save-dev' ]
2 info using npm@4.0.3
3 info using node@v6.9.1
4 silly loadCurrentTree Starting
5 silly install loadCurrentTree
6 silly install readLocalPackageData
7 silly fetchPackageMetaData grunt-contrib-cssmin@~1.4.3
8 silly fetchNamedPackageData grunt-contrib-cssmin
9 silly mapToRegistry name grunt-contrib-cssmin
10 silly mapToRegistry using default registry
11 silly mapToRegistry registry https://registry.npmjs.org/
12 silly mapToRegistry data Result {
12 silly mapToRegistry   raw: 'grunt-contrib-cssmin',
12 silly mapToRegistry   scope: null,
12 silly mapToRegistry   escapedName: 'grunt-contrib-cssmin',
12 silly mapToRegistry   name: 'grunt-contrib-cssmin',
12 silly mapToRegistry   rawSpec: '',
12 silly mapToRegistry   spec: 'latest',
12 silly mapToRegistry   type: 'tag' }
13 silly mapToRegistry uri https://registry.npmjs.org/grunt-contrib-cssmin
14 verbose request uri https://registry.npmjs.org/grunt-contrib-cssmin
15 verbose request no auth needed
16 info attempt registry request try #1 at 1:00:48 PM
17 verbose request id 4770420395c1d811
18 verbose etag W/"98518dd4884679e88c0ff50be0505858"
19 verbose lastModified Sat, 26 May 2018 10:43:57 GMT
20 http request GET https://registry.npmjs.org/grunt-contrib-cssmin
21 http 304 https://registry.npmjs.org/grunt-contrib-cssmin
22 verbose headers { date: 'Wed, 30 May 2018 12:00:48 GMT',
22 verbose headers   connection: 'keep-alive',
22 verbose headers   'set-cookie': [ '__cfduid=d4202a21472183cd98c6815e7c1ffa0cb1527681648; expires=Thu, 30-May-19 12:00:48 GMT; path=/; domain=.registry.npmjs.org; HttpOnly; Secure' ],
22 verbose headers   'cache-control': 'max-age=300',
22 verbose headers   'cf-cache-status': 'HIT',
22 verbose headers   'cf-ray': '42310ade8fbcbbf6-LHR',
22 verbose headers   etag: '"98518dd4884679e88c0ff50be0505858"',
22 verbose headers   'expect-ct': 'max-age=604800, report-uri="https://report-uri.cloudflare.com/cdn-cgi/beacon/expect-ct"',
22 verbose headers   'last-modified': 'Sat, 26 May 2018 10:43:57 GMT',
22 verbose headers   vary: 'accept-encoding, accept',
22 verbose headers   server: 'cloudflare' }
23 silly get cb [ 304,
23 silly get   { date: 'Wed, 30 May 2018 12:00:48 GMT',
23 silly get     connection: 'keep-alive',
23 silly get     'set-cookie': [ '__cfduid=d4202a21472183cd98c6815e7c1ffa0cb1527681648; expires=Thu, 30-May-19 12:00:48 GMT; path=/; domain=.registry.npmjs.org; HttpOnly; Secure' ],
23 silly get     'cache-control': 'max-age=300',
23 silly get     'cf-cache-status': 'HIT',
23 silly get     'cf-ray': '42310ade8fbcbbf6-LHR',
23 silly get     etag: '"98518dd4884679e88c0ff50be0505858"',
23 silly get     'expect-ct': 'max-age=604800, report-uri="https://report-uri.cloudflare.com/cdn-cgi/beacon/expect-ct"',
23 silly get     'last-modified': 'Sat, 26 May 2018 10:43:57 GMT',
23 silly get     vary: 'accept-encoding, accept',
23 silly get     server: 'cloudflare' } ]
24 verbose etag https://registry.npmjs.org/grunt-contrib-cssmin from cache
25 verbose get saving grunt-contrib-cssmin to /Users/justinteractive/.npm/registry.npmjs.org/grunt-contrib-cssmin/.cache.json
26 verbose correctMkdir /Users/justinteractive/.npm correctMkdir not in flight; initializing
27 silly fetchNamedPackageData No valid target from cache, forcing network
28 verbose request uri https://registry.npmjs.org/grunt-contrib-cssmin
29 verbose request no auth needed
30 info attempt registry request try #1 at 1:00:48 PM
31 http request GET https://registry.npmjs.org/grunt-contrib-cssmin
32 http 200 https://registry.npmjs.org/grunt-contrib-cssmin
33 verbose headers { date: 'Wed, 30 May 2018 12:00:48 GMT',
33 verbose headers   'content-type': 'application/json; charset=UTF-8',
33 verbose headers   'transfer-encoding': 'chunked',
33 verbose headers   connection: 'keep-alive',
33 verbose headers   'set-cookie': [ '__cfduid=d4202a21472183cd98c6815e7c1ffa0cb1527681648; expires=Thu, 30-May-19 12:00:48 GMT; path=/; domain=.registry.npmjs.org; HttpOnly; Secure' ],
33 verbose headers   'cache-control': 'max-age=300',
33 verbose headers   'cf-cache-status': 'HIT',
33 verbose headers   'cf-ray': '42310adee880bbf6-LHR',
33 verbose headers   etag: 'W/"98518dd4884679e88c0ff50be0505858"',
33 verbose headers   'expect-ct': 'max-age=604800, report-uri="https://report-uri.cloudflare.com/cdn-cgi/beacon/expect-ct"',
33 verbose headers   'last-modified': 'Sat, 26 May 2018 10:43:57 GMT',
33 verbose headers   vary: 'accept-encoding, accept',
33 verbose headers   server: 'cloudflare',
33 verbose headers   'content-encoding': 'gzip' }
34 silly get cb [ 200,
34 silly get   { date: 'Wed, 30 May 2018 12:00:48 GMT',
34 silly get     'content-type': 'application/json; charset=UTF-8',
34 silly get     'transfer-encoding': 'chunked',
34 silly get     connection: 'keep-alive',
34 silly get     'set-cookie': [ '__cfduid=d4202a21472183cd98c6815e7c1ffa0cb1527681648; expires=Thu, 30-May-19 12:00:48 GMT; path=/; domain=.registry.npmjs.org; HttpOnly; Secure' ],
34 silly get     'cache-control': 'max-age=300',
34 silly get     'cf-cache-status': 'HIT',
34 silly get     'cf-ray': '42310adee880bbf6-LHR',
34 silly get     etag: 'W/"98518dd4884679e88c0ff50be0505858"',
34 silly get     'expect-ct': 'max-age=604800, report-uri="https://report-uri.cloudflare.com/cdn-cgi/beacon/expect-ct"',
34 silly get     'last-modified': 'Sat, 26 May 2018 10:43:57 GMT',
34 silly get     vary: 'accept-encoding, accept',
34 silly get     server: 'cloudflare',
34 silly get     'content-encoding': 'gzip' } ]
35 verbose get saving grunt-contrib-cssmin to /Users/justinteractive/.npm/registry.npmjs.org/grunt-contrib-cssmin/.cache.json
36 verbose correctMkdir /Users/justinteractive/.npm correctMkdir not in flight; initializing
37 silly fetchPackageMetaData Error: No compatible version found: grunt-contrib-cssmin@~1.4.3
37 silly fetchPackageMetaData Valid install targets:
37 silly fetchPackageMetaData 2.2.1, 2.2.0, 2.1.0, 2.0.0, 1.0.2, 1.0.1, 1.0.0, 0.14.0, 0.13.0, 0.12.3, 0.12.2, 0.12.1, 0.12.0, 0.11.0, 0.10.0, 0.9.0, 0.8.0, 0.7.0, 0.6.2, 0.6.1, 0.6.0, 0.5.0, 0.4.2, 0.4.1, 0.4.0
37 silly fetchPackageMetaData
37 silly fetchPackageMetaData     at pickVersionFromRegistryDocument (/usr/local/lib/node_modules/npm/lib/fetch-package-metadata.js:178:16)
37 silly fetchPackageMetaData     at /usr/local/lib/node_modules/npm/node_modules/iferr/index.js:13:50
37 silly fetchPackageMetaData     at /usr/local/lib/node_modules/npm/lib/utils/pulse-till-done.js:20:8
37 silly fetchPackageMetaData     at saved (/usr/local/lib/node_modules/npm/lib/cache/caching-client.js:174:7)
37 silly fetchPackageMetaData     at /usr/local/lib/node_modules/npm/node_modules/graceful-fs/polyfills.js:253:18
37 silly fetchPackageMetaData     at FSReqWrap.oncomplete (fs.js:123:15)
37 silly fetchPackageMetaData  error for grunt-contrib-cssmin@~1.4.3 { Error: No compatible version found: grunt-contrib-cssmin@~1.4.3
37 silly fetchPackageMetaData Valid install targets:
37 silly fetchPackageMetaData 2.2.1, 2.2.0, 2.1.0, 2.0.0, 1.0.2, 1.0.1, 1.0.0, 0.14.0, 0.13.0, 0.12.3, 0.12.2, 0.12.1, 0.12.0, 0.11.0, 0.10.0, 0.9.0, 0.8.0, 0.7.0, 0.6.2, 0.6.1, 0.6.0, 0.5.0, 0.4.2, 0.4.1, 0.4.0
37 silly fetchPackageMetaData
37 silly fetchPackageMetaData     at pickVersionFromRegistryDocument (/usr/local/lib/node_modules/npm/lib/fetch-package-metadata.js:178:16)
37 silly fetchPackageMetaData     at /usr/local/lib/node_modules/npm/node_modules/iferr/index.js:13:50
37 silly fetchPackageMetaData     at /usr/local/lib/node_modules/npm/lib/utils/pulse-till-done.js:20:8
37 silly fetchPackageMetaData     at saved (/usr/local/lib/node_modules/npm/lib/cache/caching-client.js:174:7)
37 silly fetchPackageMetaData     at /usr/local/lib/node_modules/npm/node_modules/graceful-fs/polyfills.js:253:18
37 silly fetchPackageMetaData     at FSReqWrap.oncomplete (fs.js:123:15) code: 'ETARGET' }
38 silly rollbackFailedOptional Starting
39 silly rollbackFailedOptional Finishing
40 silly runTopLevelLifecycles Finishing
41 silly install printInstalled
42 verbose stack Error: No compatible version found: grunt-contrib-cssmin@~1.4.3
42 verbose stack Valid install targets:
42 verbose stack 2.2.1, 2.2.0, 2.1.0, 2.0.0, 1.0.2, 1.0.1, 1.0.0, 0.14.0, 0.13.0, 0.12.3, 0.12.2, 0.12.1, 0.12.0, 0.11.0, 0.10.0, 0.9.0, 0.8.0, 0.7.0, 0.6.2, 0.6.1, 0.6.0, 0.5.0, 0.4.2, 0.4.1, 0.4.0
42 verbose stack
42 verbose stack     at pickVersionFromRegistryDocument (/usr/local/lib/node_modules/npm/lib/fetch-package-metadata.js:178:16)
42 verbose stack     at /usr/local/lib/node_modules/npm/node_modules/iferr/index.js:13:50
42 verbose stack     at /usr/local/lib/node_modules/npm/lib/utils/pulse-till-done.js:20:8
42 verbose stack     at saved (/usr/local/lib/node_modules/npm/lib/cache/caching-client.js:174:7)
42 verbose stack     at /usr/local/lib/node_modules/npm/node_modules/graceful-fs/polyfills.js:253:18
42 verbose stack     at FSReqWrap.oncomplete (fs.js:123:15)
43 verbose cwd /Applications/MAMP/htdocs/justinteractive/barclays
44 error Darwin 17.4.0
45 error argv "/usr/local/bin/node" "/usr/local/bin/npm" "install" "grunt-contrib-cssmin" "--save-dev"
46 error node v6.9.1
47 error npm  v4.0.3
48 error code ETARGET
49 error notarget No compatible version found: grunt-contrib-cssmin@~1.4.3
49 error notarget Valid install targets:
49 error notarget 2.2.1, 2.2.0, 2.1.0, 2.0.0, 1.0.2, 1.0.1, 1.0.0, 0.14.0, 0.13.0, 0.12.3, 0.12.2, 0.12.1, 0.12.0, 0.11.0, 0.10.0, 0.9.0, 0.8.0, 0.7.0, 0.6.2, 0.6.1, 0.6.0, 0.5.0, 0.4.2, 0.4.1, 0.4.0
50 error notarget This is most likely not a problem with npm itself.
50 error notarget In most cases you or one of your dependencies are requesting
50 error notarget a package version that doesn't exist.
51 verbose exit [ 1, true ]
